<?xml version="1.0" encoding="UTF-8"?>
<!-- Generated by org.testng.reporters.JUnitXMLReporter -->
<testsuite hostname="IBM472-R90HR3JC" name="Command line test" tests="8" failures="0" timestamp="12 Jan 2018 05:46:09 GMT" time="69.516" errors="0">
  <testcase name="testChromeSelenium" time="10.446" classname="Suite1_Smoke.ItemSearchNGTest"/>
  <testcase name="testChromeSelenium" time="12.025" classname="Suite2_Smoke.ItemSearchNGTest"/>
  <testcase name="testChromeSelenium" time="10.254" classname="Tests.ItemSearchNGTest"/>
  <testcase name="testChromeSelenium" time="10.169" classname="old.ItemSearchNGTest"/>
  <testcase name="LoginTestWithParam" time="0.001" classname="Suite1_Smoke.LoginTest">
    <skipped/>
  </testcase> <!-- LoginTestWithParam -->
  <testcase name="LoginTestWithParam" time="0.0" classname="Suite2_Smoke.LoginTest">
    <skipped/>
  </testcase> <!-- LoginTestWithParam -->
  <testcase name="LoginTestWithParam" time="0.0" classname="Tests.LoginTest">
    <skipped/>
  </testcase> <!-- LoginTestWithParam -->
  <testcase name="LoginTestWithParam" time="0.0" classname="old.LoginTest">
    <skipped/>
  </testcase> <!-- LoginTestWithParam -->
</testsuite> <!-- Command line test -->
